[2026-04-30 15:01:42 +0000] [1757] [INFO] Starting gunicorn 25.3.0
[2026-04-30 15:01:42 +0000] [1757] [INFO] Listening at: http://0.0.0.0:8000 (1757)
[2026-04-30 15:01:42 +0000] [1757] [INFO] Using worker: sync
[2026-04-30 15:01:42 +0000] [1762] [INFO] Booting worker with pid: 1762
[2026-04-30 15:01:42 +0000] [1757] [INFO] Control socket listening at /run/user/1000/gunicorn.ctl
/home/ubuntu/civic-issue-portal/venv/lib/python3.14/site-packages/jwt/api_jwt.py:147: InsecureKeyLengthWarning: The HMAC key is 19 bytes long, which is below the minimum recommended length of 32 bytes for SHA256. See RFC 7518 Section 3.2.
  return self._jws.encode(
/home/ubuntu/civic-issue-portal/venv/lib/python3.14/site-packages/jwt/api_jwt.py:365: InsecureKeyLengthWarning: The HMAC key is 19 bytes long, which is below the minimum recommended length of 32 bytes for SHA256. See RFC 7518 Section 3.2.
  decoded = self.decode_complete(
/home/ubuntu/civic-issue-portal/venv/lib/python3.14/site-packages/jwt/api_jwt.py:365: InsecureKeyLengthWarning: The HMAC key is 19 bytes long, which is below the minimum recommended length of 32 bytes for SHA256. See RFC 7518 Section 3.2.
  decoded = self.decode_complete(
Internal Server Error: /api/complaints/30/image/
Traceback (most recent call last):
  File "/home/ubuntu/civic-issue-portal/venv/lib/python3.14/site-packages/storages/backends/s3.py", line 532, in _open
    f = S3File(name, mode, self)
  File "/home/ubuntu/civic-issue-portal/venv/lib/python3.14/site-packages/storages/backends/s3.py", line 132, in __init__
    self.obj.load(**params)
    ~~~~~~~~~~~~~^^^^^^^^^^
  File "/home/ubuntu/civic-issue-portal/venv/lib/python3.14/site-packages/boto3/resources/factory.py", line 565, in do_action
    response = action(self, *args, **kwargs)
  File "/home/ubuntu/civic-issue-portal/venv/lib/python3.14/site-packages/boto3/resources/action.py", line 88, in __call__
    response = getattr(parent.meta.client, operation_name)(*args, **params)
  File "/home/ubuntu/civic-issue-portal/venv/lib/python3.14/site-packages/botocore/client.py", line 606, in _api_call
    return self._make_api_call(operation_name, kwargs)
           ~~~~~~~~~~~~~~~~~~~^^^^^^^^^^^^^^^^^^^^^^^^
  File "/home/ubuntu/civic-issue-portal/venv/lib/python3.14/site-packages/botocore/context.py", line 123, in wrapper
    return func(*args, **kwargs)
  File "/home/ubuntu/civic-issue-portal/venv/lib/python3.14/site-packages/botocore/client.py", line 1094, in _make_api_call
    raise error_class(parsed_response, operation_name)
botocore.exceptions.ClientError: An error occurred (404) when calling the HeadObject operation: Not Found

During handling of the above exception, another exception occurred:

Traceback (most recent call last):
  File "/home/ubuntu/civic-issue-portal/venv/lib/python3.14/site-packages/django/core/handlers/exception.py", line 55, in inner
    response = get_response(request)
  File "/home/ubuntu/civic-issue-portal/venv/lib/python3.14/site-packages/django/core/handlers/base.py", line 197, in _get_response
    response = wrapped_callback(request, *callback_args, **callback_kwargs)
  File "/home/ubuntu/civic-issue-portal/venv/lib/python3.14/site-packages/django/views/decorators/csrf.py", line 65, in _view_wrapper
    return view_func(request, *args, **kwargs)
  File "/home/ubuntu/civic-issue-portal/venv/lib/python3.14/site-packages/rest_framework/viewsets.py", line 125, in view
    return self.dispatch(request, *args, **kwargs)
           ~~~~~~~~~~~~~^^^^^^^^^^^^^^^^^^^^^^^^^^
  File "/home/ubuntu/civic-issue-portal/venv/lib/python3.14/site-packages/rest_framework/views.py", line 515, in dispatch
    response = self.handle_exception(exc)
  File "/home/ubuntu/civic-issue-portal/venv/lib/python3.14/site-packages/rest_framework/views.py", line 475, in handle_exception
    self.raise_uncaught_exception(exc)
    ~~~~~~~~~~~~~~~~~~~~~~~~~~~~~^^^^^
  File "/home/ubuntu/civic-issue-portal/venv/lib/python3.14/site-packages/rest_framework/views.py", line 486, in raise_uncaught_exception
    raise exc
  File "/home/ubuntu/civic-issue-portal/venv/lib/python3.14/site-packages/rest_framework/views.py", line 512, in dispatch
    response = handler(request, *args, **kwargs)
  File "/home/ubuntu/civic-issue-portal/complaints/views.py", line 73, in image
    return FileResponse(complaint.image.open('rb'))
                        ~~~~~~~~~~~~~~~~~~~~^^^^^^
  File "/home/ubuntu/civic-issue-portal/venv/lib/python3.14/site-packages/django/db/models/fields/files.py", line 82, in open
    self.file = self.storage.open(self.name, mode)
                ~~~~~~~~~~~~~~~~~^^^^^^^^^^^^^^^^^
  File "/home/ubuntu/civic-issue-portal/venv/lib/python3.14/site-packages/django/core/files/storage/base.py", line 22, in open
    return self._open(name, mode)
           ~~~~~~~~~~^^^^^^^^^^^^
  File "/home/ubuntu/civic-issue-portal/venv/lib/python3.14/site-packages/storages/backends/s3.py", line 535, in _open
    raise FileNotFoundError("File does not exist: %s" % name)
FileNotFoundError: File does not exist: static/complaints/images/street_6zMuduV.jpg
Internal Server Error: /api/complaints/28/image/
Traceback (most recent call last):
  File "/home/ubuntu/civic-issue-portal/venv/lib/python3.14/site-packages/storages/backends/s3.py", line 532, in _open
    f = S3File(name, mode, self)
  File "/home/ubuntu/civic-issue-portal/venv/lib/python3.14/site-packages/storages/backends/s3.py", line 132, in __init__
    self.obj.load(**params)
    ~~~~~~~~~~~~~^^^^^^^^^^
  File "/home/ubuntu/civic-issue-portal/venv/lib/python3.14/site-packages/boto3/resources/factory.py", line 565, in do_action
    response = action(self, *args, **kwargs)
  File "/home/ubuntu/civic-issue-portal/venv/lib/python3.14/site-packages/boto3/resources/action.py", line 88, in __call__
    response = getattr(parent.meta.client, operation_name)(*args, **params)
  File "/home/ubuntu/civic-issue-portal/venv/lib/python3.14/site-packages/botocore/client.py", line 606, in _api_call
    return self._make_api_call(operation_name, kwargs)
           ~~~~~~~~~~~~~~~~~~~^^^^^^^^^^^^^^^^^^^^^^^^
  File "/home/ubuntu/civic-issue-portal/venv/lib/python3.14/site-packages/botocore/context.py", line 123, in wrapper
    return func(*args, **kwargs)
  File "/home/ubuntu/civic-issue-portal/venv/lib/python3.14/site-packages/botocore/client.py", line 1094, in _make_api_call
    raise error_class(parsed_response, operation_name)
botocore.exceptions.ClientError: An error occurred (404) when calling the HeadObject operation: Not Found

During handling of the above exception, another exception occurred:

Traceback (most recent call last):
  File "/home/ubuntu/civic-issue-portal/venv/lib/python3.14/site-packages/django/core/handlers/exception.py", line 55, in inner
    response = get_response(request)
  File "/home/ubuntu/civic-issue-portal/venv/lib/python3.14/site-packages/django/core/handlers/base.py", line 197, in _get_response
    response = wrapped_callback(request, *callback_args, **callback_kwargs)
  File "/home/ubuntu/civic-issue-portal/venv/lib/python3.14/site-packages/django/views/decorators/csrf.py", line 65, in _view_wrapper
    return view_func(request, *args, **kwargs)
  File "/home/ubuntu/civic-issue-portal/venv/lib/python3.14/site-packages/rest_framework/viewsets.py", line 125, in view
    return self.dispatch(request, *args, **kwargs)
           ~~~~~~~~~~~~~^^^^^^^^^^^^^^^^^^^^^^^^^^
  File "/home/ubuntu/civic-issue-portal/venv/lib/python3.14/site-packages/rest_framework/views.py", line 515, in dispatch
    response = self.handle_exception(exc)
  File "/home/ubuntu/civic-issue-portal/venv/lib/python3.14/site-packages/rest_framework/views.py", line 475, in handle_exception
    self.raise_uncaught_exception(exc)
    ~~~~~~~~~~~~~~~~~~~~~~~~~~~~~^^^^^
  File "/home/ubuntu/civic-issue-portal/venv/lib/python3.14/site-packages/rest_framework/views.py", line 486, in raise_uncaught_exception
    raise exc
  File "/home/ubuntu/civic-issue-portal/venv/lib/python3.14/site-packages/rest_framework/views.py", line 512, in dispatch
    response = handler(request, *args, **kwargs)
  File "/home/ubuntu/civic-issue-portal/complaints/views.py", line 73, in image
    return FileResponse(complaint.image.open('rb'))
                        ~~~~~~~~~~~~~~~~~~~~^^^^^^
  File "/home/ubuntu/civic-issue-portal/venv/lib/python3.14/site-packages/django/db/models/fields/files.py", line 82, in open
    self.file = self.storage.open(self.name, mode)
                ~~~~~~~~~~~~~~~~~^^^^^^^^^^^^^^^^^
  File "/home/ubuntu/civic-issue-portal/venv/lib/python3.14/site-packages/django/core/files/storage/base.py", line 22, in open
    return self._open(name, mode)
           ~~~~~~~~~~^^^^^^^^^^^^
  File "/home/ubuntu/civic-issue-portal/venv/lib/python3.14/site-packages/storages/backends/s3.py", line 535, in _open
    raise FileNotFoundError("File does not exist: %s" % name)
FileNotFoundError: File does not exist: static/complaints/images/pk2_JQX1E3t.jpg
Internal Server Error: /api/complaints/29/image/
Traceback (most recent call last):
  File "/home/ubuntu/civic-issue-portal/venv/lib/python3.14/site-packages/storages/backends/s3.py", line 532, in _open
    f = S3File(name, mode, self)
  File "/home/ubuntu/civic-issue-portal/venv/lib/python3.14/site-packages/storages/backends/s3.py", line 132, in __init__
    self.obj.load(**params)
    ~~~~~~~~~~~~~^^^^^^^^^^
  File "/home/ubuntu/civic-issue-portal/venv/lib/python3.14/site-packages/boto3/resources/factory.py", line 565, in do_action
    response = action(self, *args, **kwargs)
  File "/home/ubuntu/civic-issue-portal/venv/lib/python3.14/site-packages/boto3/resources/action.py", line 88, in __call__
    response = getattr(parent.meta.client, operation_name)(*args, **params)
  File "/home/ubuntu/civic-issue-portal/venv/lib/python3.14/site-packages/botocore/client.py", line 606, in _api_call
    return self._make_api_call(operation_name, kwargs)
           ~~~~~~~~~~~~~~~~~~~^^^^^^^^^^^^^^^^^^^^^^^^
  File "/home/ubuntu/civic-issue-portal/venv/lib/python3.14/site-packages/botocore/context.py", line 123, in wrapper
    return func(*args, **kwargs)
  File "/home/ubuntu/civic-issue-portal/venv/lib/python3.14/site-packages/botocore/client.py", line 1094, in _make_api_call
    raise error_class(parsed_response, operation_name)
botocore.exceptions.ClientError: An error occurred (404) when calling the HeadObject operation: Not Found

During handling of the above exception, another exception occurred:

Traceback (most recent call last):
  File "/home/ubuntu/civic-issue-portal/venv/lib/python3.14/site-packages/django/core/handlers/exception.py", line 55, in inner
    response = get_response(request)
  File "/home/ubuntu/civic-issue-portal/venv/lib/python3.14/site-packages/django/core/handlers/base.py", line 197, in _get_response
    response = wrapped_callback(request, *callback_args, **callback_kwargs)
  File "/home/ubuntu/civic-issue-portal/venv/lib/python3.14/site-packages/django/views/decorators/csrf.py", line 65, in _view_wrapper
    return view_func(request, *args, **kwargs)
  File "/home/ubuntu/civic-issue-portal/venv/lib/python3.14/site-packages/rest_framework/viewsets.py", line 125, in view
    return self.dispatch(request, *args, **kwargs)
           ~~~~~~~~~~~~~^^^^^^^^^^^^^^^^^^^^^^^^^^
  File "/home/ubuntu/civic-issue-portal/venv/lib/python3.14/site-packages/rest_framework/views.py", line 515, in dispatch
    response = self.handle_exception(exc)
  File "/home/ubuntu/civic-issue-portal/venv/lib/python3.14/site-packages/rest_framework/views.py", line 475, in handle_exception
    self.raise_uncaught_exception(exc)
    ~~~~~~~~~~~~~~~~~~~~~~~~~~~~~^^^^^
  File "/home/ubuntu/civic-issue-portal/venv/lib/python3.14/site-packages/rest_framework/views.py", line 486, in raise_uncaught_exception
    raise exc
  File "/home/ubuntu/civic-issue-portal/venv/lib/python3.14/site-packages/rest_framework/views.py", line 512, in dispatch
    response = handler(request, *args, **kwargs)
  File "/home/ubuntu/civic-issue-portal/complaints/views.py", line 73, in image
    return FileResponse(complaint.image.open('rb'))
                        ~~~~~~~~~~~~~~~~~~~~^^^^^^
  File "/home/ubuntu/civic-issue-portal/venv/lib/python3.14/site-packages/django/db/models/fields/files.py", line 82, in open
    self.file = self.storage.open(self.name, mode)
                ~~~~~~~~~~~~~~~~~^^^^^^^^^^^^^^^^^
  File "/home/ubuntu/civic-issue-portal/venv/lib/python3.14/site-packages/django/core/files/storage/base.py", line 22, in open
    return self._open(name, mode)
           ~~~~~~~~~~^^^^^^^^^^^^
  File "/home/ubuntu/civic-issue-portal/venv/lib/python3.14/site-packages/storages/backends/s3.py", line 535, in _open
    raise FileNotFoundError("File does not exist: %s" % name)
FileNotFoundError: File does not exist: static/complaints/images/road1_xW5zOQ5.jpg
/home/ubuntu/civic-issue-portal/venv/lib/python3.14/site-packages/jwt/api_jwt.py:147: InsecureKeyLengthWarning: The HMAC key is 19 bytes long, which is below the minimum recommended length of 32 bytes for SHA256. See RFC 7518 Section 3.2.
  return self._jws.encode(
Unauthorized: /api/complaints/35/image/
Unauthorized: /api/complaints/35/image/
[2026-04-30 15:19:58 +0000] [1757] [CRITICAL] WORKER TIMEOUT (pid:1762)
[2026-04-30 15:19:58 +0000] [1762] [ERROR] Error handling request (no URI read)
Traceback (most recent call last):
  File "/home/ubuntu/civic-issue-portal/venv/lib/python3.14/site-packages/gunicorn/workers/sync.py", line 141, in handle
    req = next(parser)
  File "/home/ubuntu/civic-issue-portal/venv/lib/python3.14/site-packages/gunicorn/http/parser.py", line 56, in __next__
    self.mesg = self.mesg_class(self.cfg, self.unreader, self.source_addr, self.req_count)
                ~~~~~~~~~~~~~~~^^^^^^^^^^^^^^^^^^^^^^^^^^^^^^^^^^^^^^^^^^^^^^^^^^^^^^^^^^^
  File "/home/ubuntu/civic-issue-portal/venv/lib/python3.14/site-packages/gunicorn/http/message.py", line 410, in __init__
    super().__init__(cfg, unreader, peer_addr)
    ~~~~~~~~~~~~~~~~^^^^^^^^^^^^^^^^^^^^^^^^^^
  File "/home/ubuntu/civic-issue-portal/venv/lib/python3.14/site-packages/gunicorn/http/message.py", line 184, in __init__
    unused = self.parse(self.unreader)
  File "/home/ubuntu/civic-issue-portal/venv/lib/python3.14/site-packages/gunicorn/http/message.py", line 422, in parse
    self.read_into(unreader, buf, stop=True)
    ~~~~~~~~~~~~~~^^^^^^^^^^^^^^^^^^^^^^^^^^
  File "/home/ubuntu/civic-issue-portal/venv/lib/python3.14/site-packages/gunicorn/http/message.py", line 558, in read_into
    data = unreader.read()
  File "/home/ubuntu/civic-issue-portal/venv/lib/python3.14/site-packages/gunicorn/http/unreader.py", line 36, in read
    d = self.chunk()
  File "/home/ubuntu/civic-issue-portal/venv/lib/python3.14/site-packages/gunicorn/http/unreader.py", line 65, in chunk
    return self.sock.recv(self.mxchunk)
           ~~~~~~~~~~~~~~^^^^^^^^^^^^^^
  File "/home/ubuntu/civic-issue-portal/venv/lib/python3.14/site-packages/gunicorn/workers/base.py", line 198, in handle_abort
    sys.exit(1)
    ~~~~~~~~^^^
SystemExit: 1
[2026-04-30 15:19:58 +0000] [1762] [INFO] Worker exiting (pid: 1762)
[2026-04-30 15:19:59 +0000] [1907] [INFO] Booting worker with pid: 1907
[2026-04-30 15:19:59 +0000] [1757] [INFO] Control socket listening at /run/user/1000/gunicorn.ctl
Not Found: /ward-dashboard/
[2026-04-30 15:24:53 +0000] [1757] [INFO] Handling signal: term
[2026-04-30 15:24:53 +0000] [1907] [INFO] Worker exiting (pid: 1907)
[2026-04-30 15:24:54 +0000] [1757] [INFO] Worker (pid:1907) was sent SIGTERM!
[2026-04-30 15:24:54 +0000] [1757] [INFO] Shutting down: Master
